1|242|97|47.0|Mon Feb 23 10:38:08 2004|domyslny
2|497|131|129.0|Mon Feb 23 10:41:35 2004|domyslny
1|238|97|45.0|Mon Feb 23 10:45:01 2004|domyslny
2|501|131|140.0|Mon Feb 23 10:47:53 2004|domyslny
3|354|136|192.0|Mon Feb 23 10:59:55 2004|domyslny
4|883|357|407.0|Mon Feb 23 11:03:07 2004|domyslny
5|416|143|257.0|Mon Feb 23 11:18:14 2004|domyslny
6|324|110|262.0|Mon Feb 23 11:29:10 2004|domyslny
1|252|97|40.0|Mon Feb 23 11:43:21 2004|domyslny
1|264|97|123.0|Mon Feb 23 22:51:34 2004|domyslny
1|240|97|36.0|Thu Feb 26 21:22:35 2004|domyslny
1|242|97|37.0|Thu Feb 26 21:26:01 2004|domyslny
1|266|99|46.0|Thu Feb 26 21:28:50 2004|domyslny
1|238|97|36.0|Thu Feb 26 21:31:29 2004|domyslny
1|240|97|44.0|Mon Mar  1 21:54:06 2004|domyslny
1|238|97|51.0|Mon Mar  1 22:08:49 2004|domyslny
1|238|97|45.0|Mon Mar  1 22:15:40 2004|domyslny
1|238|97|37.0|Wed Mar 17 22:23:10 2004|domyslny
1|54|16|38.0|Fri Mar 19 23:57:03 2004|mass_microban
2|27|7|13.0|Fri Mar 19 23:57:52 2004|mass_microban
1|33|8|10.0|Sat Mar 20 00:22:44 2004|microban
1|33|8|18.0|Sat Mar 20 00:46:21 2004|microban
2|16|3|4.0|Sat Mar 20 00:46:51 2004|microban
3|43|15|47.0|Sat Mar 20 00:47:55 2004|microban
4|37|9|19.0|Sat Mar 20 00:49:01 2004|microban
5|37|6|11.0|Sat Mar 20 00:49:36 2004|microban
7|313|112|217.0|Sat Mar 20 17:09:43 2004|domyslny
1|33|8|16.0|Sat Mar 20 21:44:14 2004|microban
2|16|3|6.0|Sat Mar 20 21:44:36 2004|microban
6|107|29|61.0|Sat Mar 20 21:45:58 2004|microban
7|28|6|19.0|Sat Mar 20 21:47:14 2004|microban
8|97|32|99.0|Sat Mar 20 21:47:40 2004|microban
9|30|10|60.0|Sat Mar 20 21:50:26 2004|microban
10|89|21|33.0|Sat Mar 20 21:52:09 2004|microban
11|80|18|96.0|Sat Mar 20 21:52:50 2004|microban
8|675|240|645.0|Wed Feb 23 19:12:26 2005|domyslny
1|253|97|43.0|Wed Feb 23 19:31:19 2005|domyslny
1|252|97|41.0|Wed Feb 23 19:34:01 2005|domyslny
1|239|97|45.0|Wed Feb 23 19:39:48 2005|domyslny
9|570|237|321.0|Sat Feb 26 17:46:42 2005|domyslny
10|1379|546|874.0|Sat Feb 26 17:53:29 2005|domyslny
1|239|97|59.0|Fri Jul  1 22:11:12 2005|domyslny
1|253|97|101.0|Thu Jan 28 19:32:29 2010|domyslny
1|244|97|65.0|Thu Jan 28 19:44:00 2010|domyslny
1|255|97|80.0|Thu Jan 28 20:32:43 2010|domyslny
1|259|97|86.0|Sun Feb  7 08:02:42 2010|domyslny
1|274|97|124.0|Fri Nov 11 22:52:48 2011|domyslny
2|532|157|240.0|Fri Nov 11 22:55:06 2011|domyslny
2|509|155|125.0|Mon Nov 14 23:51:53 2011|domyslny
3|401|150|113.0|Mon Nov 14 23:54:17 2011|domyslny
4|957|363|247.0|Mon Nov 14 23:58:24 2011|domyslny
5|468|155|148.0|Tue Nov 15 00:04:10 2011|domyslny
6|324|110|75.0|Tue Nov 15 00:08:27 2011|domyslny
7|321|104|157.0|Tue Nov 15 00:11:16 2011|domyslny
8|649|252|157.0|Tue Nov 15 00:21:49 2011|domyslny
9|658|237|399.0|Tue Nov 15 00:31:42 2011|domyslny
10|1501|548|722.0|Tue Nov 15 00:43:26 2011|domyslny
